# JRE version: Java(TM) SE Runtime Environment (12.0+33) (build 12+33)
# Java VM: Java HotSpot(TM) 64-Bit Server VM (12+33, mixed mode, sharing, tiered, compressed oops, g1 gc, windows-amd64)
Heap:
 garbage-first heap   total 82944K, used 28570K [0x00000000a2200000, 0x0000000100000000)
  region size 1024K, 1 young (1024K), 1 survivors (1024K)
 Metaspace       used 34610K, capacity 35782K, committed 35968K, reserved 1089536K
  class space    used 4379K, capacity 4616K, committed 4736K, reserved 1048576K
GC Heap History (10 events):
Event: 6.660 GC heap before
{Heap before GC invocations=4 (full 0):
 garbage-first heap   total 68608K, used 47075K [0x00000000a2200000, 0x0000000100000000)
  region size 1024K, 26 young (26624K), 1 survivors (1024K)
 Metaspace       used 23840K, capacity 25357K, committed 25600K, reserved 1071104K
  class space    used 3259K, capacity 3510K, committed 3584K, reserved 1048576K
}
Event: 6.674 GC heap after
{Heap after GC invocations=5 (full 0):
 garbage-first heap   total 68608K, used 25598K [0x00000000a2200000, 0x0000000100000000)
  region size 1024K, 4 young (4096K), 4 survivors (4096K)
 Metaspace       used 23840K, capacity 25357K, committed 25600K, reserved 1071104K
  class space    used 3259K, capacity 3510K, committed 3584K, reserved 1048576K
}
Event: 7.464 GC heap before
{Heap before GC invocations=5 (full 0):
 garbage-first heap   total 68608K, used 43006K [0x00000000a2200000, 0x0000000100000000)
  region size 1024K, 21 young (21504K), 4 survivors (4096K)
 Metaspace       used 27710K, capacity 29118K, committed 29312K, reserved 1075200K
  class space    used 3704K, capacity 3932K, committed 3968K, reserved 1048576K
}
Event: 7.476 GC heap after
{Heap after GC invocations=6 (full 0):
 garbage-first heap   total 82944K, used 25242K [0x00000000a2200000, 0x0000000100000000)
  region size 1024K, 2 young (2048K), 2 survivors (2048K)
 Metaspace       used 27710K, capacity 29118K, committed 29312K, reserved 1075200K
  class space    used 3704K, capacity 3932K, committed 3968K, reserved 1048576K
}
Event: 8.496 GC heap before
{Heap before GC invocations=6 (full 0):
 garbage-first heap   total 82944K, used 47770K [0x00000000a2200000, 0x0000000100000000)
  region size 1024K, 25 young (25600K), 2 survivors (2048K)
 Metaspace       used 32335K, capacity 33590K, committed 33920K, reserved 1079296K
  class space    used 4120K, capacity 4354K, committed 4480K, reserved 1048576K
}
Event: 8.508 GC heap after
{Heap after GC invocations=7 (full 0):
 garbage-first heap   total 82944K, used 27534K [0x00000000a2200000, 0x0000000100000000)
  region size 1024K, 4 young (4096K), 4 survivors (4096K)
 Metaspace       used 32335K, capacity 33590K, committed 33920K, reserved 1079296K
  class space    used 4120K, capacity 4354K, committed 4480K, reserved 1048576K
}
Event: 8.935 GC heap before
{Heap before GC invocations=7 (full 0):
 garbage-first heap   total 82944K, used 36750K [0x00000000a2200000, 0x0000000100000000)
  region size 1024K, 15 young (15360K), 4 survivors (4096K)
 Metaspace       used 34582K, capacity 35750K, committed 35840K, reserved 1081344K
  class space    used 4364K, capacity 4584K, committed 4608K, reserved 1048576K
}
Event: 8.944 GC heap after
{Heap after GC invocations=8 (full 0):
 garbage-first heap   total 82944K, used 28590K [0x00000000a2200000, 0x0000000100000000)
  region size 1024K, 1 young (1024K), 1 survivors (1024K)
 Metaspace       used 34582K, capacity 35750K, committed 35840K, reserved 1081344K
  class space    used 4364K, capacity 4584K, committed 4608K, reserved 1048576K
}
Event: 8.980 GC heap before
{Heap before GC invocations=9 (full 0):
 garbage-first heap   total 82944K, used 28590K [0x00000000a2200000, 0x0000000100000000)
  region size 1024K, 2 young (2048K), 1 survivors (1024K)
 Metaspace       used 34610K, capacity 35782K, committed 35968K, reserved 1087488K
  class space    used 4379K, capacity 4616K, committed 4736K, reserved 1048576K
}
Event: 8.984 GC heap after
{Heap after GC invocations=10 (full 0):
 garbage-first heap   total 82944K, used 28570K [0x00000000a2200000, 0x0000000100000000)
  region size 1024K, 1 young (1024K), 1 survivors (1024K)
 Metaspace       used 34610K, capacity 35782K, committed 35968K, reserved 1087488K
  class space    used 4379K, capacity 4616K, committed 4736K, reserved 1048576K
}

